<?xml version="1.0" encoding="UTF-8"?>
<!-- Generated by org.testng.reporters.JUnitXMLReporter -->
<testsuite ignored="0" hostname="saud_7667" failures="1" tests="2" name="Test" time="45.014" errors="0" timestamp="2026-03-21T00:05:38 IST">
  <testcase classname="tests.HomePageTest" name="verifyhomepage" time="0.159"/>
  <testcase classname="tests.SearchProductPageTest" name="verifyMobilePhonesPage" time="23.212">
    <failure type="java.lang.AssertionError" message="Heading text mismatch! expected [Buy Second Han Mobile Phones in India] but found [Buy Second Hand Mobile Phones in India]">
      <![CDATA[java.lang.AssertionError: Heading text mismatch! expected [Buy Second Han Mobile Phones in India] but found [Buy Second Hand Mobile Phones in India]
at tests.SearchProductPageTest.verifyMobilePhonesPage(SearchProductPageTest.java:31)
at java.base/java.util.ArrayList.forEach(ArrayList.java:1596)
... Removed 30 stack frames]]>
    </failure>
  </testcase> <!-- verifyMobilePhonesPage -->
</testsuite> <!-- Test -->
