<?xml version="1.0" encoding="UTF-8"?>
<testng-results ignored="0" total="1" passed="1" failed="0" skipped="0">
  <reporter-output>
  </reporter-output>
  <suite started-at="2026-03-20T01:40:29 IST" name="Default suite" finished-at="2026-03-20T01:41:30 IST" duration-ms="60419">
    <groups>
    </groups>
    <test started-at="2026-03-20T01:40:29 IST" name="Default test" finished-at="2026-03-20T01:41:30 IST" duration-ms="60419">
      <class name="tests.SearchProductPageTest">
        <test-method is-config="true" signature="setup()[pri:0, instance:tests.SearchProductPageTest@327514f]" started-at="2026-03-20T01:40:29 IST" name="setup" finished-at="2026-03-20T01:40:47 IST" duration-ms="17160" status="PASS">
          <reporter-output>
          </reporter-output>
        </test-method> <!-- setup -->
        <test-method is-config="true" signature="initialize()[pri:0, instance:tests.SearchProductPageTest@327514f]" started-at="2026-03-20T01:40:47 IST" name="initialize" finished-at="2026-03-20T01:40:47 IST" duration-ms="54" status="PASS">
          <reporter-output>
          </reporter-output>
        </test-method> <!-- initialize -->
        <test-method signature="verifyMobilePhonesPage()[pri:0, instance:tests.SearchProductPageTest@327514f]" started-at="2026-03-20T01:40:47 IST" name="verifyMobilePhonesPage" finished-at="2026-03-20T01:41:30 IST" duration-ms="42953" status="PASS">
          <reporter-output>
          </reporter-output>
        </test-method> <!-- verifyMobilePhonesPage -->
        <test-method is-config="true" signature="teardown()[pri:0, instance:tests.SearchProductPageTest@327514f]" started-at="2026-03-20T01:41:30 IST" name="teardown" finished-at="2026-03-20T01:41:30 IST" duration-ms="199" status="PASS">
          <reporter-output>
          </reporter-output>
        </test-method> <!-- teardown -->
      </class> <!-- tests.SearchProductPageTest -->
    </test> <!-- Default test -->
  </suite> <!-- Default suite -->
</testng-results>
