<?xml version="1.0" encoding="UTF-8"?>
<testng-results ignored="0" total="2" passed="1" failed="1" skipped="0">
  <reporter-output>
  </reporter-output>
  <suite started-at="2026-03-21T00:04:53 IST" name="Suite" finished-at="2026-03-21T00:05:38 IST" duration-ms="45014">
    <groups>
    </groups>
    <test started-at="2026-03-21T00:04:53 IST" name="Test" finished-at="2026-03-21T00:05:38 IST" duration-ms="45014">
      <class name="tests.HomePageTest">
        <test-method is-config="true" signature="setup()[pri:0, instance:tests.HomePageTest@15d49048]" started-at="2026-03-21T00:04:53 IST" name="setup" finished-at="2026-03-21T00:05:06 IST" duration-ms="13346" status="PASS">
          <reporter-output>
          </reporter-output>
        </test-method> <!-- setup -->
        <test-method is-config="true" signature="initialize()[pri:0, instance:tests.HomePageTest@15d49048]" started-at="2026-03-21T00:05:06 IST" name="initialize" finished-at="2026-03-21T00:05:06 IST" duration-ms="68" status="PASS">
          <reporter-output>
          </reporter-output>
        </test-method> <!-- initialize -->
        <test-method signature="verifyhomepage()[pri:0, instance:tests.HomePageTest@15d49048]" started-at="2026-03-21T00:05:06 IST" name="verifyhomepage" finished-at="2026-03-21T00:05:07 IST" duration-ms="159" status="PASS">
          <reporter-output>
          </reporter-output>
        </test-method> <!-- verifyhomepage -->
        <test-method is-config="true" signature="teardown()[pri:0, instance:tests.HomePageTest@15d49048]" started-at="2026-03-21T00:05:07 IST" name="teardown" finished-at="2026-03-21T00:05:07 IST" duration-ms="193" status="PASS">
          <reporter-output>
          </reporter-output>
        </test-method> <!-- teardown -->
      </class> <!-- tests.HomePageTest -->
      <class name="tests.SearchProductPageTest">
        <test-method is-config="true" signature="setup()[pri:0, instance:tests.SearchProductPageTest@2ca26d77]" started-at="2026-03-21T00:05:07 IST" name="setup" finished-at="2026-03-21T00:05:14 IST" duration-ms="7460" status="PASS">
          <reporter-output>
          </reporter-output>
        </test-method> <!-- setup -->
        <test-method is-config="true" signature="initialize()[pri:0, instance:tests.SearchProductPageTest@2ca26d77]" started-at="2026-03-21T00:05:14 IST" name="initialize" finished-at="2026-03-21T00:05:14 IST" duration-ms="4" status="PASS">
          <reporter-output>
          </reporter-output>
        </test-method> <!-- initialize -->
        <test-method signature="verifyMobilePhonesPage()[pri:0, instance:tests.SearchProductPageTest@2ca26d77]" started-at="2026-03-21T00:05:14 IST" name="verifyMobilePhonesPage" finished-at="2026-03-21T00:05:38 IST" duration-ms="23212" status="FAIL">
          <exception class="java.lang.AssertionError">
            <message>
              <![CDATA[Heading text mismatch! expected [Buy Second Han Mobile Phones in India] but found [Buy Second Hand Mobile Phones in India]]]>
            </message>
            <full-stacktrace>
              <![CDATA[java.lang.AssertionError: Heading text mismatch! expected [Buy Second Han Mobile Phones in India] but found [Buy Second Hand Mobile Phones in India]
at org.testng.Assert.fail(Assert.java:111)
at org.testng.Assert.failNotEquals(Assert.java:1590)
at org.testng.Assert.assertEqualsImpl(Assert.java:150)
at org.testng.Assert.assertEquals(Assert.java:132)
at org.testng.Assert.assertEquals(Assert.java:656)
at tests.SearchProductPageTest.verifyMobilePhonesPage(SearchProductPageTest.java:31)
at java.base/jdk.internal.reflect.DirectMethodHandleAccessor.invoke(DirectMethodHandleAccessor.java:103)
at java.base/java.lang.reflect.Method.invoke(Method.java:580)
at org.testng.internal.invokers.MethodInvocationHelper.invokeMethod(MethodInvocationHelper.java:141)
at org.testng.internal.invokers.TestInvoker.invokeMethod(TestInvoker.java:687)
at org.testng.internal.invokers.TestInvoker.invokeTestMethod(TestInvoker.java:230)
at org.testng.internal.invokers.MethodRunner.runInSequence(MethodRunner.java:63)
at org.testng.internal.invokers.TestInvoker$MethodInvocationAgent.invoke(TestInvoker.java:995)
at org.testng.internal.invokers.TestInvoker.invokeTestMethods(TestInvoker.java:203)
at org.testng.internal.invokers.TestMethodWorker.invokeTestMethods(TestMethodWorker.java:154)
at org.testng.internal.invokers.TestMethodWorker.run(TestMethodWorker.java:134)
at java.base/java.util.ArrayList.forEach(ArrayList.java:1596)
at org.testng.TestRunner.privateRun(TestRunner.java:741)
at org.testng.TestRunner.run(TestRunner.java:616)
at org.testng.SuiteRunner.runTest(SuiteRunner.java:421)
at org.testng.SuiteRunner.runSequentially(SuiteRunner.java:413)
at org.testng.SuiteRunner.privateRun(SuiteRunner.java:373)
at org.testng.SuiteRunner.run(SuiteRunner.java:312)
at org.testng.SuiteRunnerWorker.runSuite(SuiteRunnerWorker.java:52)
at org.testng.SuiteRunnerWorker.run(SuiteRunnerWorker.java:95)
at org.testng.TestNG.runSuitesSequentially(TestNG.java:1274)
at org.testng.TestNG.runSuitesLocally(TestNG.java:1208)
at org.testng.TestNG.runSuites(TestNG.java:1112)
at org.testng.TestNG.run(TestNG.java:1079)
at org.testng.remote.AbstractRemoteTestNG.run(AbstractRemoteTestNG.java:115)
at org.testng.remote.RemoteTestNG.initAndRun(RemoteTestNG.java:293)
at org.testng.remote.RemoteTestNG.main(RemoteTestNG.java:91)
]]>
            </full-stacktrace>
          </exception> <!-- java.lang.AssertionError -->
          <reporter-output>
          </reporter-output>
        </test-method> <!-- verifyMobilePhonesPage -->
        <test-method is-config="true" signature="teardown()[pri:0, instance:tests.SearchProductPageTest@2ca26d77]" started-at="2026-03-21T00:05:38 IST" name="teardown" finished-at="2026-03-21T00:05:38 IST" duration-ms="286" status="PASS">
          <reporter-output>
          </reporter-output>
        </test-method> <!-- teardown -->
      </class> <!-- tests.SearchProductPageTest -->
    </test> <!-- Test -->
  </suite> <!-- Suite -->
</testng-results>
